{"/home/paul/Hexlet/frontend-project-46/src/buildAst.js": {"path":"/home/paul/Hexlet/frontend-project-46/src/buildAst.js","all":false,"statementMap":{"0":{"start":{"line":1,"column":0},"end":{"line":1,"column":23}},"1":{"start":{"line":2,"column":0},"end":{"line":2,"column":0}},"2":{"start":{"line":3,"column":0},"end":{"line":3,"column":40}},"3":{"start":{"line":4,"column":0},"end":{"line":4,"column":81}},"4":{"start":{"line":5,"column":0},"end":{"line":5,"column":0}},"5":{"start":{"line":6,"column":0},"end":{"line":6,"column":41}},"6":{"start":{"line":7,"column":0},"end":{"line":7,"column":63}},"7":{"start":{"line":8,"column":0},"end":{"line":8,"column":87}},"8":{"start":{"line":9,"column":0},"end":{"line":9,"column":5}},"9":{"start":{"line":10,"column":0},"end":{"line":10,"column":39}},"10":{"start":{"line":11,"column":0},"end":{"line":11,"column":58}},"11":{"start":{"line":12,"column":0},"end":{"line":12,"column":5}},"12":{"start":{"line":13,"column":0},"end":{"line":13,"column":39}},"13":{"start":{"line":14,"column":0},"end":{"line":14,"column":60}},"14":{"start":{"line":15,"column":0},"end":{"line":15,"column":5}},"15":{"start":{"line":16,"column":0},"end":{"line":16,"column":40}},"16":{"start":{"line":17,"column":0},"end":{"line":17,"column":14}},"17":{"start":{"line":18,"column":0},"end":{"line":18,"column":73}},"18":{"start":{"line":19,"column":0},"end":{"line":19,"column":8}},"19":{"start":{"line":20,"column":0},"end":{"line":20,"column":5}},"20":{"start":{"line":21,"column":0},"end":{"line":21,"column":60}},"21":{"start":{"line":22,"column":0},"end":{"line":22,"column":5}},"22":{"start":{"line":23,"column":0},"end":{"line":23,"column":17}},"23":{"start":{"line":24,"column":0},"end":{"line":24,"column":2}},"24":{"start":{"line":25,"column":0},"end":{"line":25,"column":0}},"25":{"start":{"line":26,"column":0},"end":{"line":26,"column":24}}},"s":{"0":1,"1":1,"2":1,"3":10,"4":10,"5":10,"6":36,"7":8,"8":8,"9":36,"10":10,"11":10,"12":36,"13":4,"14":4,"15":36,"16":8,"17":8,"18":8,"19":8,"20":6,"21":10,"22":10,"23":10,"24":1,"25":1},"branchMap":{"0":{"type":"branch","line":3,"loc":{"start":{"line":3,"column":17},"end":{"line":24,"column":2}},"locations":[{"start":{"line":3,"column":17},"end":{"line":24,"column":2}}]},"1":{"type":"branch","line":6,"loc":{"start":{"line":6,"column":32},"end":{"line":22,"column":3}},"locations":[{"start":{"line":6,"column":32},"end":{"line":22,"column":3}}]},"2":{"type":"branch","line":7,"loc":{"start":{"line":7,"column":32},"end":{"line":7,"column":60}},"locations":[{"start":{"line":7,"column":32},"end":{"line":7,"column":60}}]},"3":{"type":"branch","line":7,"loc":{"start":{"line":7,"column":62},"end":{"line":9,"column":5}},"locations":[{"start":{"line":7,"column":62},"end":{"line":9,"column":5}}]},"4":{"type":"branch","line":9,"loc":{"start":{"line":9,"column":4},"end":{"line":10,"column":38}},"locations":[{"start":{"line":9,"column":4},"end":{"line":10,"column":38}}]},"5":{"type":"branch","line":10,"loc":{"start":{"line":10,"column":38},"end":{"line":12,"column":5}},"locations":[{"start":{"line":10,"column":38},"end":{"line":12,"column":5}}]},"6":{"type":"branch","line":12,"loc":{"start":{"line":12,"column":4},"end":{"line":13,"column":38}},"locations":[{"start":{"line":12,"column":4},"end":{"line":13,"column":38}}]},"7":{"type":"branch","line":13,"loc":{"start":{"line":13,"column":38},"end":{"line":15,"column":5}},"locations":[{"start":{"line":13,"column":38},"end":{"line":15,"column":5}}]},"8":{"type":"branch","line":15,"loc":{"start":{"line":15,"column":4},"end":{"line":16,"column":39}},"locations":[{"start":{"line":15,"column":4},"end":{"line":16,"column":39}}]},"9":{"type":"branch","line":16,"loc":{"start":{"line":16,"column":39},"end":{"line":20,"column":5}},"locations":[{"start":{"line":16,"column":39},"end":{"line":20,"column":5}}]},"10":{"type":"branch","line":20,"loc":{"start":{"line":20,"column":4},"end":{"line":22,"column":3}},"locations":[{"start":{"line":20,"column":4},"end":{"line":22,"column":3}}]}},"b":{"0":[10],"1":[36],"2":[12],"3":[8],"4":[28],"5":[10],"6":[18],"7":[4],"8":[14],"9":[8],"10":[6]},"fnMap":{"0":{"name":"buildAst","decl":{"start":{"line":3,"column":17},"end":{"line":24,"column":2}},"loc":{"start":{"line":3,"column":17},"end":{"line":24,"column":2}},"line":3}},"f":{"0":10}}
,"/home/paul/Hexlet/frontend-project-46/src/index.js": {"path":"/home/paul/Hexlet/frontend-project-46/src/index.js","all":false,"statementMap":{"0":{"start":{"line":1,"column":0},"end":{"line":1,"column":33}},"1":{"start":{"line":2,"column":0},"end":{"line":2,"column":49}},"2":{"start":{"line":3,"column":0},"end":{"line":3,"column":37}},"3":{"start":{"line":4,"column":0},"end":{"line":4,"column":0}},"4":{"start":{"line":5,"column":0},"end":{"line":5,"column":43}},"5":{"start":{"line":6,"column":0},"end":{"line":6,"column":35}},"6":{"start":{"line":7,"column":0},"end":{"line":7,"column":35}},"7":{"start":{"line":8,"column":0},"end":{"line":8,"column":29}},"8":{"start":{"line":9,"column":0},"end":{"line":9,"column":21}},"9":{"start":{"line":10,"column":0},"end":{"line":10,"column":3}},"10":{"start":{"line":11,"column":0},"end":{"line":11,"column":48}},"11":{"start":{"line":12,"column":0},"end":{"line":12,"column":2}},"12":{"start":{"line":13,"column":0},"end":{"line":13,"column":0}},"13":{"start":{"line":14,"column":0},"end":{"line":14,"column":23}}},"s":{"0":1,"1":1,"2":1,"3":1,"4":1,"5":2,"6":2,"7":2,"8":0,"9":0,"10":2,"11":2,"12":1,"13":1},"branchMap":{"0":{"type":"branch","line":5,"loc":{"start":{"line":5,"column":16},"end":{"line":12,"column":2}},"locations":[{"start":{"line":5,"column":16},"end":{"line":12,"column":2}}]},"1":{"type":"branch","line":8,"loc":{"start":{"line":8,"column":28},"end":{"line":10,"column":3}},"locations":[{"start":{"line":8,"column":28},"end":{"line":10,"column":3}}]}},"b":{"0":[2],"1":[0]},"fnMap":{"0":{"name":"genDiff","decl":{"start":{"line":5,"column":16},"end":{"line":12,"column":2}},"loc":{"start":{"line":5,"column":16},"end":{"line":12,"column":2}},"line":5}},"f":{"0":2}}
,"/home/paul/Hexlet/frontend-project-46/src/parsers.js": {"path":"/home/paul/Hexlet/frontend-project-46/src/parsers.js","all":false,"statementMap":{"0":{"start":{"line":1,"column":0},"end":{"line":1,"column":39}},"1":{"start":{"line":2,"column":0},"end":{"line":2,"column":29}},"2":{"start":{"line":3,"column":0},"end":{"line":3,"column":27}},"3":{"start":{"line":4,"column":0},"end":{"line":4,"column":35}},"4":{"start":{"line":5,"column":0},"end":{"line":5,"column":0}},"5":{"start":{"line":6,"column":0},"end":{"line":6,"column":31}},"6":{"start":{"line":7,"column":0},"end":{"line":7,"column":41}},"7":{"start":{"line":8,"column":0},"end":{"line":8,"column":79}},"8":{"start":{"line":9,"column":0},"end":{"line":9,"column":44}},"9":{"start":{"line":10,"column":0},"end":{"line":10,"column":2}},"10":{"start":{"line":11,"column":0},"end":{"line":11,"column":0}},"11":{"start":{"line":12,"column":0},"end":{"line":12,"column":56}},"12":{"start":{"line":13,"column":0},"end":{"line":13,"column":0}},"13":{"start":{"line":14,"column":0},"end":{"line":14,"column":37}},"14":{"start":{"line":15,"column":0},"end":{"line":15,"column":35}},"15":{"start":{"line":16,"column":0},"end":{"line":16,"column":12}},"16":{"start":{"line":17,"column":0},"end":{"line":17,"column":16}},"17":{"start":{"line":18,"column":0},"end":{"line":18,"column":17}},"18":{"start":{"line":19,"column":0},"end":{"line":19,"column":25}},"19":{"start":{"line":20,"column":0},"end":{"line":20,"column":12}},"20":{"start":{"line":21,"column":0},"end":{"line":21,"column":17}},"21":{"start":{"line":22,"column":0},"end":{"line":22,"column":16}},"22":{"start":{"line":23,"column":0},"end":{"line":23,"column":24}},"23":{"start":{"line":24,"column":0},"end":{"line":24,"column":12}},"24":{"start":{"line":25,"column":0},"end":{"line":25,"column":12}},"25":{"start":{"line":26,"column":0},"end":{"line":26,"column":12}},"26":{"start":{"line":27,"column":0},"end":{"line":27,"column":3}},"27":{"start":{"line":28,"column":0},"end":{"line":28,"column":54}},"28":{"start":{"line":29,"column":0},"end":{"line":29,"column":2}},"29":{"start":{"line":30,"column":0},"end":{"line":30,"column":0}},"30":{"start":{"line":31,"column":0},"end":{"line":31,"column":53}}},"s":{"0":1,"1":1,"2":1,"3":1,"4":1,"5":1,"6":4,"7":4,"8":4,"9":4,"10":1,"11":1,"12":1,"13":1,"14":4,"15":4,"16":4,"17":4,"18":2,"19":2,"20":4,"21":4,"22":2,"23":2,"24":4,"25":0,"26":4,"27":4,"28":4,"29":1,"30":1},"branchMap":{"0":{"type":"branch","line":6,"loc":{"start":{"line":6,"column":17},"end":{"line":10,"column":2}},"locations":[{"start":{"line":6,"column":17},"end":{"line":10,"column":2}}]},"1":{"type":"branch","line":12,"loc":{"start":{"line":12,"column":20},"end":{"line":12,"column":55}},"locations":[{"start":{"line":12,"column":20},"end":{"line":12,"column":55}}]},"2":{"type":"branch","line":14,"loc":{"start":{"line":14,"column":23},"end":{"line":29,"column":2}},"locations":[{"start":{"line":14,"column":23},"end":{"line":29,"column":2}}]},"3":{"type":"branch","line":18,"loc":{"start":{"line":18,"column":4},"end":{"line":20,"column":12}},"locations":[{"start":{"line":18,"column":4},"end":{"line":20,"column":12}}]},"4":{"type":"branch","line":21,"loc":{"start":{"line":21,"column":4},"end":{"line":21,"column":17}},"locations":[{"start":{"line":21,"column":4},"end":{"line":21,"column":17}}]},"5":{"type":"branch","line":22,"loc":{"start":{"line":22,"column":4},"end":{"line":24,"column":12}},"locations":[{"start":{"line":22,"column":4},"end":{"line":24,"column":12}}]},"6":{"type":"branch","line":25,"loc":{"start":{"line":25,"column":4},"end":{"line":26,"column":12}},"locations":[{"start":{"line":25,"column":4},"end":{"line":26,"column":12}}]},"7":{"type":"branch","line":28,"loc":{"start":{"line":28,"column":41},"end":{"line":28,"column":53}},"locations":[{"start":{"line":28,"column":41},"end":{"line":28,"column":53}}]},"8":{"type":"branch","line":31,"loc":{"start":{"line":31,"column":16},"end":{"line":31,"column":52}},"locations":[{"start":{"line":31,"column":16},"end":{"line":31,"column":52}}]}},"b":{"0":[4],"1":[4],"2":[4],"3":[2],"4":[1],"5":[2],"6":[0],"7":[0],"8":[4]},"fnMap":{"0":{"name":"getFile","decl":{"start":{"line":6,"column":17},"end":{"line":10,"column":2}},"loc":{"start":{"line":6,"column":17},"end":{"line":10,"column":2}},"line":6},"1":{"name":"getExtName","decl":{"start":{"line":12,"column":20},"end":{"line":12,"column":55}},"loc":{"start":{"line":12,"column":20},"end":{"line":12,"column":55}},"line":12},"2":{"name":"getParsedFile","decl":{"start":{"line":14,"column":23},"end":{"line":29,"column":2}},"loc":{"start":{"line":14,"column":23},"end":{"line":29,"column":2}},"line":14},"3":{"name":"default","decl":{"start":{"line":31,"column":16},"end":{"line":31,"column":52}},"loc":{"start":{"line":31,"column":16},"end":{"line":31,"column":52}},"line":31}},"f":{"0":4,"1":4,"2":4,"3":4}}
,"/home/paul/Hexlet/frontend-project-46/src/formatters/stylish.js": {"path":"/home/paul/Hexlet/frontend-project-46/src/formatters/stylish.js","all":false,"statementMap":{"0":{"start":{"line":1,"column":0},"end":{"line":1,"column":23}},"1":{"start":{"line":2,"column":0},"end":{"line":2,"column":0}},"2":{"start":{"line":3,"column":0},"end":{"line":3,"column":16}},"3":{"start":{"line":4,"column":0},"end":{"line":4,"column":55}},"4":{"start":{"line":5,"column":0},"end":{"line":5,"column":0}},"5":{"start":{"line":6,"column":0},"end":{"line":6,"column":35}},"6":{"start":{"line":7,"column":0},"end":{"line":7,"column":26}},"7":{"start":{"line":8,"column":0},"end":{"line":8,"column":16}},"8":{"start":{"line":9,"column":0},"end":{"line":9,"column":3}},"9":{"start":{"line":10,"column":0},"end":{"line":10,"column":51}},"10":{"start":{"line":11,"column":0},"end":{"line":11,"column":119}},"11":{"start":{"line":12,"column":0},"end":{"line":12,"column":10}},"12":{"start":{"line":13,"column":0},"end":{"line":13,"column":8}},"13":{"start":{"line":14,"column":0},"end":{"line":14,"column":13}},"14":{"start":{"line":15,"column":0},"end":{"line":15,"column":30}},"15":{"start":{"line":16,"column":0},"end":{"line":16,"column":15}},"16":{"start":{"line":17,"column":0},"end":{"line":17,"column":2}},"17":{"start":{"line":18,"column":0},"end":{"line":18,"column":0}},"18":{"start":{"line":19,"column":0},"end":{"line":19,"column":41}},"19":{"start":{"line":20,"column":0},"end":{"line":20,"column":65}},"20":{"start":{"line":21,"column":0},"end":{"line":21,"column":51}},"21":{"start":{"line":22,"column":0},"end":{"line":22,"column":0}},"22":{"start":{"line":23,"column":0},"end":{"line":23,"column":40}},"23":{"start":{"line":24,"column":0},"end":{"line":24,"column":24}},"24":{"start":{"line":25,"column":0},"end":{"line":25,"column":22}},"25":{"start":{"line":26,"column":0},"end":{"line":26,"column":81}},"26":{"start":{"line":27,"column":0},"end":{"line":27,"column":19}},"27":{"start":{"line":28,"column":0},"end":{"line":28,"column":77}},"28":{"start":{"line":29,"column":0},"end":{"line":29,"column":21}},"29":{"start":{"line":30,"column":0},"end":{"line":30,"column":77}},"30":{"start":{"line":31,"column":0},"end":{"line":31,"column":21}},"31":{"start":{"line":32,"column":0},"end":{"line":32,"column":142}},"32":{"start":{"line":33,"column":0},"end":{"line":33,"column":23}},"33":{"start":{"line":34,"column":0},"end":{"line":34,"column":77}},"34":{"start":{"line":35,"column":0},"end":{"line":35,"column":14}},"35":{"start":{"line":36,"column":0},"end":{"line":36,"column":47}},"36":{"start":{"line":37,"column":0},"end":{"line":37,"column":5}},"37":{"start":{"line":38,"column":0},"end":{"line":38,"column":5}},"38":{"start":{"line":39,"column":0},"end":{"line":39,"column":10}},"39":{"start":{"line":40,"column":0},"end":{"line":40,"column":8}},"40":{"start":{"line":41,"column":0},"end":{"line":41,"column":13}},"41":{"start":{"line":42,"column":0},"end":{"line":42,"column":30}},"42":{"start":{"line":43,"column":0},"end":{"line":43,"column":15}},"43":{"start":{"line":44,"column":0},"end":{"line":44,"column":2}},"44":{"start":{"line":45,"column":0},"end":{"line":45,"column":0}},"45":{"start":{"line":46,"column":0},"end":{"line":46,"column":26}}},"s":{"0":1,"1":1,"2":1,"3":1,"4":1,"5":1,"6":54,"7":40,"8":40,"9":14,"10":14,"11":14,"12":14,"13":14,"14":14,"15":14,"16":14,"17":1,"18":1,"19":10,"20":10,"21":10,"22":10,"23":36,"24":36,"25":8,"26":36,"27":10,"28":36,"29":4,"30":36,"31":8,"32":36,"33":6,"34":36,"35":0,"36":36,"37":10,"38":10,"39":10,"40":10,"41":10,"42":10,"43":10,"44":1,"45":1},"branchMap":{"0":{"type":"branch","line":4,"loc":{"start":{"line":4,"column":19},"end":{"line":4,"column":54}},"locations":[{"start":{"line":4,"column":19},"end":{"line":4,"column":54}}]},"1":{"type":"branch","line":6,"loc":{"start":{"line":6,"column":17},"end":{"line":17,"column":2}},"locations":[{"start":{"line":6,"column":17},"end":{"line":17,"column":2}}]},"2":{"type":"branch","line":7,"loc":{"start":{"line":7,"column":25},"end":{"line":9,"column":3}},"locations":[{"start":{"line":7,"column":25},"end":{"line":9,"column":3}}]},"3":{"type":"branch","line":9,"loc":{"start":{"line":9,"column":2},"end":{"line":17,"column":2}},"locations":[{"start":{"line":9,"column":2},"end":{"line":17,"column":2}}]},"4":{"type":"branch","line":11,"loc":{"start":{"line":11,"column":41},"end":{"line":11,"column":117}},"locations":[{"start":{"line":11,"column":41},"end":{"line":11,"column":117}}]},"5":{"type":"branch","line":19,"loc":{"start":{"line":19,"column":19},"end":{"line":44,"column":2}},"locations":[{"start":{"line":19,"column":19},"end":{"line":44,"column":2}}]},"6":{"type":"branch","line":23,"loc":{"start":{"line":23,"column":30},"end":{"line":38,"column":3}},"locations":[{"start":{"line":23,"column":30},"end":{"line":38,"column":3}}]},"7":{"type":"branch","line":25,"loc":{"start":{"line":25,"column":6},"end":{"line":26,"column":81}},"locations":[{"start":{"line":25,"column":6},"end":{"line":26,"column":81}}]},"8":{"type":"branch","line":27,"loc":{"start":{"line":27,"column":6},"end":{"line":28,"column":77}},"locations":[{"start":{"line":27,"column":6},"end":{"line":28,"column":77}}]},"9":{"type":"branch","line":29,"loc":{"start":{"line":29,"column":6},"end":{"line":30,"column":77}},"locations":[{"start":{"line":29,"column":6},"end":{"line":30,"column":77}}]},"10":{"type":"branch","line":31,"loc":{"start":{"line":31,"column":6},"end":{"line":32,"column":142}},"locations":[{"start":{"line":31,"column":6},"end":{"line":32,"column":142}}]},"11":{"type":"branch","line":33,"loc":{"start":{"line":33,"column":6},"end":{"line":34,"column":77}},"locations":[{"start":{"line":33,"column":6},"end":{"line":34,"column":77}}]},"12":{"type":"branch","line":35,"loc":{"start":{"line":35,"column":6},"end":{"line":36,"column":47}},"locations":[{"start":{"line":35,"column":6},"end":{"line":36,"column":47}}]}},"b":{"0":[62],"1":[54],"2":[40],"3":[14],"4":[18],"5":[10],"6":[36],"7":[8],"8":[10],"9":[4],"10":[8],"11":[6],"12":[0]},"fnMap":{"0":{"name":"getIndent","decl":{"start":{"line":4,"column":19},"end":{"line":4,"column":54}},"loc":{"start":{"line":4,"column":19},"end":{"line":4,"column":54}},"line":4},"1":{"name":"getValue","decl":{"start":{"line":6,"column":17},"end":{"line":17,"column":2}},"loc":{"start":{"line":6,"column":17},"end":{"line":17,"column":2}},"line":6},"2":{"name":"buildLines","decl":{"start":{"line":19,"column":19},"end":{"line":44,"column":2}},"loc":{"start":{"line":19,"column":19},"end":{"line":44,"column":2}},"line":19}},"f":{"0":62,"1":54,"2":10}}
}
