{"/home/paul/Hexlet/frontend-project-46/src/index.js": {"path":"/home/paul/Hexlet/frontend-project-46/src/index.js","all":false,"statementMap":{"0":{"start":{"line":1,"column":0},"end":{"line":1,"column":23}},"1":{"start":{"line":2,"column":0},"end":{"line":2,"column":33}},"2":{"start":{"line":3,"column":0},"end":{"line":3,"column":0}},"3":{"start":{"line":4,"column":0},"end":{"line":4,"column":43}},"4":{"start":{"line":5,"column":0},"end":{"line":5,"column":35}},"5":{"start":{"line":6,"column":0},"end":{"line":6,"column":35}},"6":{"start":{"line":7,"column":0},"end":{"line":7,"column":29}},"7":{"start":{"line":8,"column":0},"end":{"line":8,"column":21}},"8":{"start":{"line":9,"column":0},"end":{"line":9,"column":3}},"9":{"start":{"line":10,"column":0},"end":{"line":10,"column":45}},"10":{"start":{"line":11,"column":0},"end":{"line":11,"column":45}},"11":{"start":{"line":12,"column":0},"end":{"line":12,"column":59}},"12":{"start":{"line":13,"column":0},"end":{"line":13,"column":37}},"13":{"start":{"line":14,"column":0},"end":{"line":14,"column":0}},"14":{"start":{"line":15,"column":0},"end":{"line":15,"column":39}},"15":{"start":{"line":16,"column":0},"end":{"line":16,"column":19}},"16":{"start":{"line":17,"column":0},"end":{"line":17,"column":40}},"17":{"start":{"line":18,"column":0},"end":{"line":18,"column":43}},"18":{"start":{"line":19,"column":0},"end":{"line":19,"column":40}},"19":{"start":{"line":20,"column":0},"end":{"line":20,"column":43}},"20":{"start":{"line":21,"column":0},"end":{"line":21,"column":41}},"21":{"start":{"line":22,"column":0},"end":{"line":22,"column":72}},"22":{"start":{"line":23,"column":0},"end":{"line":23,"column":14}},"23":{"start":{"line":24,"column":0},"end":{"line":24,"column":43}},"24":{"start":{"line":25,"column":0},"end":{"line":25,"column":5}},"25":{"start":{"line":26,"column":0},"end":{"line":26,"column":18}},"26":{"start":{"line":27,"column":0},"end":{"line":27,"column":28}},"27":{"start":{"line":28,"column":0},"end":{"line":28,"column":2}},"28":{"start":{"line":29,"column":0},"end":{"line":29,"column":0}},"29":{"start":{"line":30,"column":0},"end":{"line":30,"column":23}}},"s":{"0":1,"1":1,"2":1,"3":1,"4":2,"5":2,"6":2,"7":0,"8":0,"9":2,"10":2,"11":2,"12":2,"13":2,"14":2,"15":10,"16":10,"17":2,"18":10,"19":4,"20":10,"21":2,"22":10,"23":2,"24":10,"25":2,"26":2,"27":2,"28":1,"29":1},"branchMap":{"0":{"type":"branch","line":4,"loc":{"start":{"line":4,"column":16},"end":{"line":28,"column":2}},"locations":[{"start":{"line":4,"column":16},"end":{"line":28,"column":2}}]},"1":{"type":"branch","line":7,"loc":{"start":{"line":7,"column":28},"end":{"line":9,"column":3}},"locations":[{"start":{"line":7,"column":28},"end":{"line":9,"column":3}}]},"2":{"type":"branch","line":15,"loc":{"start":{"line":15,"column":30},"end":{"line":26,"column":3}},"locations":[{"start":{"line":15,"column":30},"end":{"line":26,"column":3}}]},"3":{"type":"branch","line":17,"loc":{"start":{"line":17,"column":6},"end":{"line":18,"column":43}},"locations":[{"start":{"line":17,"column":6},"end":{"line":18,"column":43}}]},"4":{"type":"branch","line":19,"loc":{"start":{"line":19,"column":6},"end":{"line":20,"column":43}},"locations":[{"start":{"line":19,"column":6},"end":{"line":20,"column":43}}]},"5":{"type":"branch","line":21,"loc":{"start":{"line":21,"column":6},"end":{"line":22,"column":72}},"locations":[{"start":{"line":21,"column":6},"end":{"line":22,"column":72}}]},"6":{"type":"branch","line":23,"loc":{"start":{"line":23,"column":6},"end":{"line":24,"column":43}},"locations":[{"start":{"line":23,"column":6},"end":{"line":24,"column":43}}]}},"b":{"0":[2],"1":[0],"2":[10],"3":[2],"4":[4],"5":[2],"6":[2]},"fnMap":{"0":{"name":"genDiff","decl":{"start":{"line":4,"column":16},"end":{"line":28,"column":2}},"loc":{"start":{"line":4,"column":16},"end":{"line":28,"column":2}},"line":4}},"f":{"0":2}}
,"/home/paul/Hexlet/frontend-project-46/src/parsers.js": {"path":"/home/paul/Hexlet/frontend-project-46/src/parsers.js","all":false,"statementMap":{"0":{"start":{"line":1,"column":0},"end":{"line":1,"column":39}},"1":{"start":{"line":2,"column":0},"end":{"line":2,"column":29}},"2":{"start":{"line":3,"column":0},"end":{"line":3,"column":27}},"3":{"start":{"line":4,"column":0},"end":{"line":4,"column":0}},"4":{"start":{"line":5,"column":0},"end":{"line":5,"column":31}},"5":{"start":{"line":6,"column":0},"end":{"line":6,"column":45}},"6":{"start":{"line":7,"column":0},"end":{"line":7,"column":44}},"7":{"start":{"line":8,"column":0},"end":{"line":8,"column":2}},"8":{"start":{"line":9,"column":0},"end":{"line":9,"column":0}},"9":{"start":{"line":10,"column":0},"end":{"line":10,"column":56}},"10":{"start":{"line":11,"column":0},"end":{"line":11,"column":0}},"11":{"start":{"line":12,"column":0},"end":{"line":12,"column":37}},"12":{"start":{"line":13,"column":0},"end":{"line":13,"column":35}},"13":{"start":{"line":14,"column":0},"end":{"line":14,"column":12}},"14":{"start":{"line":15,"column":0},"end":{"line":15,"column":16}},"15":{"start":{"line":16,"column":0},"end":{"line":16,"column":17}},"16":{"start":{"line":17,"column":0},"end":{"line":17,"column":25}},"17":{"start":{"line":18,"column":0},"end":{"line":18,"column":12}},"18":{"start":{"line":19,"column":0},"end":{"line":19,"column":17}},"19":{"start":{"line":20,"column":0},"end":{"line":20,"column":16}},"20":{"start":{"line":21,"column":0},"end":{"line":21,"column":24}},"21":{"start":{"line":22,"column":0},"end":{"line":22,"column":12}},"22":{"start":{"line":23,"column":0},"end":{"line":23,"column":12}},"23":{"start":{"line":24,"column":0},"end":{"line":24,"column":12}},"24":{"start":{"line":25,"column":0},"end":{"line":25,"column":3}},"25":{"start":{"line":26,"column":0},"end":{"line":26,"column":54}},"26":{"start":{"line":27,"column":0},"end":{"line":27,"column":2}},"27":{"start":{"line":28,"column":0},"end":{"line":28,"column":0}},"28":{"start":{"line":29,"column":0},"end":{"line":29,"column":53}}},"s":{"0":1,"1":1,"2":1,"3":1,"4":1,"5":4,"6":4,"7":4,"8":1,"9":1,"10":1,"11":1,"12":4,"13":4,"14":4,"15":4,"16":2,"17":2,"18":4,"19":4,"20":2,"21":2,"22":4,"23":0,"24":4,"25":4,"26":4,"27":1,"28":1},"branchMap":{"0":{"type":"branch","line":5,"loc":{"start":{"line":5,"column":17},"end":{"line":8,"column":2}},"locations":[{"start":{"line":5,"column":17},"end":{"line":8,"column":2}}]},"1":{"type":"branch","line":10,"loc":{"start":{"line":10,"column":20},"end":{"line":10,"column":55}},"locations":[{"start":{"line":10,"column":20},"end":{"line":10,"column":55}}]},"2":{"type":"branch","line":12,"loc":{"start":{"line":12,"column":23},"end":{"line":27,"column":2}},"locations":[{"start":{"line":12,"column":23},"end":{"line":27,"column":2}}]},"3":{"type":"branch","line":16,"loc":{"start":{"line":16,"column":4},"end":{"line":18,"column":12}},"locations":[{"start":{"line":16,"column":4},"end":{"line":18,"column":12}}]},"4":{"type":"branch","line":19,"loc":{"start":{"line":19,"column":4},"end":{"line":19,"column":17}},"locations":[{"start":{"line":19,"column":4},"end":{"line":19,"column":17}}]},"5":{"type":"branch","line":20,"loc":{"start":{"line":20,"column":4},"end":{"line":22,"column":12}},"locations":[{"start":{"line":20,"column":4},"end":{"line":22,"column":12}}]},"6":{"type":"branch","line":23,"loc":{"start":{"line":23,"column":4},"end":{"line":24,"column":12}},"locations":[{"start":{"line":23,"column":4},"end":{"line":24,"column":12}}]},"7":{"type":"branch","line":26,"loc":{"start":{"line":26,"column":41},"end":{"line":26,"column":53}},"locations":[{"start":{"line":26,"column":41},"end":{"line":26,"column":53}}]},"8":{"type":"branch","line":29,"loc":{"start":{"line":29,"column":16},"end":{"line":29,"column":52}},"locations":[{"start":{"line":29,"column":16},"end":{"line":29,"column":52}}]}},"b":{"0":[4],"1":[4],"2":[4],"3":[2],"4":[0],"5":[2],"6":[0],"7":[0],"8":[4]},"fnMap":{"0":{"name":"getFile","decl":{"start":{"line":5,"column":17},"end":{"line":8,"column":2}},"loc":{"start":{"line":5,"column":17},"end":{"line":8,"column":2}},"line":5},"1":{"name":"getExtName","decl":{"start":{"line":10,"column":20},"end":{"line":10,"column":55}},"loc":{"start":{"line":10,"column":20},"end":{"line":10,"column":55}},"line":10},"2":{"name":"getParsedFile","decl":{"start":{"line":12,"column":23},"end":{"line":27,"column":2}},"loc":{"start":{"line":12,"column":23},"end":{"line":27,"column":2}},"line":12},"3":{"name":"default","decl":{"start":{"line":29,"column":16},"end":{"line":29,"column":52}},"loc":{"start":{"line":29,"column":16},"end":{"line":29,"column":52}},"line":29}},"f":{"0":4,"1":4,"2":4,"3":4}}
}
