TN:
SF:src/buildAst.js
FN:3,buildAst
FNF:1
FNH:1
FNDA:10,buildAst
DA:1,1
DA:2,1
DA:3,1
DA:4,10
DA:5,10
DA:6,10
DA:7,36
DA:8,8
DA:9,8
DA:10,36
DA:11,10
DA:12,10
DA:13,36
DA:14,4
DA:15,4
DA:16,36
DA:17,8
DA:18,8
DA:19,8
DA:20,8
DA:21,6
DA:22,10
DA:23,10
DA:24,10
DA:25,1
DA:26,1
LF:26
LH:26
BRDA:3,0,0,10
BRDA:6,1,0,36
BRDA:7,2,0,12
BRDA:7,3,0,8
BRDA:9,4,0,28
BRDA:10,5,0,10
BRDA:12,6,0,18
BRDA:13,7,0,4
BRDA:15,8,0,14
BRDA:16,9,0,8
BRDA:20,10,0,6
BRF:11
BRH:11
end_of_record
TN:
SF:src/index.js
FN:5,genDiff
FNF:1
FNH:1
FNDA:2,genDiff
DA:1,1
DA:2,1
DA:3,1
DA:4,1
DA:5,1
DA:6,2
DA:7,2
DA:8,2
DA:9,0
DA:10,0
DA:11,2
DA:12,2
DA:13,1
DA:14,1
LF:14
LH:12
BRDA:5,0,0,2
BRDA:8,1,0,0
BRF:2
BRH:1
end_of_record
TN:
SF:src/parsers.js
FN:6,getFile
FN:12,getExtName
FN:14,getParsedFile
FN:31,default
FNF:4
FNH:4
FNDA:4,getFile
FNDA:4,getExtName
FNDA:4,getParsedFile
FNDA:4,default
DA:1,1
DA:2,1
DA:3,1
DA:4,1
DA:5,1
DA:6,1
DA:7,4
DA:8,4
DA:9,4
DA:10,4
DA:11,1
DA:12,1
DA:13,1
DA:14,1
DA:15,4
DA:16,4
DA:17,4
DA:18,4
DA:19,2
DA:20,2
DA:21,4
DA:22,4
DA:23,2
DA:24,2
DA:25,4
DA:26,0
DA:27,4
DA:28,4
DA:29,4
DA:30,1
DA:31,1
LF:31
LH:30
BRDA:6,0,0,4
BRDA:12,1,0,4
BRDA:14,2,0,4
BRDA:18,3,0,2
BRDA:21,4,0,1
BRDA:22,5,0,2
BRDA:25,6,0,0
BRDA:28,7,0,0
BRDA:31,8,0,4
BRF:9
BRH:7
end_of_record
TN:
SF:src/formatters/stylish.js
FN:4,getIndent
FN:6,getValue
FN:19,buildLines
FNF:3
FNH:3
FNDA:62,getIndent
FNDA:54,getValue
FNDA:10,buildLines
DA:1,1
DA:2,1
DA:3,1
DA:4,1
DA:5,1
DA:6,1
DA:7,54
DA:8,40
DA:9,40
DA:10,14
DA:11,14
DA:12,14
DA:13,14
DA:14,14
DA:15,14
DA:16,14
DA:17,14
DA:18,1
DA:19,1
DA:20,10
DA:21,10
DA:22,10
DA:23,10
DA:24,36
DA:25,36
DA:26,8
DA:27,36
DA:28,10
DA:29,36
DA:30,4
DA:31,36
DA:32,8
DA:33,36
DA:34,6
DA:35,36
DA:36,0
DA:37,36
DA:38,10
DA:39,10
DA:40,10
DA:41,10
DA:42,10
DA:43,10
DA:44,10
DA:45,1
DA:46,1
LF:46
LH:45
BRDA:4,0,0,62
BRDA:6,1,0,54
BRDA:7,2,0,40
BRDA:9,3,0,14
BRDA:11,4,0,18
BRDA:19,5,0,10
BRDA:23,6,0,36
BRDA:25,7,0,8
BRDA:27,8,0,10
BRDA:29,9,0,4
BRDA:31,10,0,8
BRDA:33,11,0,6
BRDA:35,12,0,0
BRF:13
BRH:12
end_of_record
