TN:
SF:src/index.js
FN:4,genDiff
FNF:1
FNH:1
FNDA:2,genDiff
DA:1,1
DA:2,1
DA:3,1
DA:4,1
DA:5,2
DA:6,2
DA:7,2
DA:8,0
DA:9,0
DA:10,2
DA:11,2
DA:12,2
DA:13,2
DA:14,2
DA:15,2
DA:16,10
DA:17,10
DA:18,2
DA:19,10
DA:20,4
DA:21,10
DA:22,2
DA:23,10
DA:24,2
DA:25,10
DA:26,2
DA:27,2
DA:28,2
DA:29,1
DA:30,1
LF:30
LH:28
BRDA:4,0,0,2
BRDA:7,1,0,0
BRDA:15,2,0,10
BRDA:17,3,0,2
BRDA:19,4,0,4
BRDA:21,5,0,2
BRDA:23,6,0,2
BRF:7
BRH:6
end_of_record
TN:
SF:src/parsers.js
FN:5,getFile
FN:10,getExtName
FN:12,getParsedFile
FN:29,default
FNF:4
FNH:4
FNDA:4,getFile
FNDA:4,getExtName
FNDA:4,getParsedFile
FNDA:4,default
DA:1,1
DA:2,1
DA:3,1
DA:4,1
DA:5,1
DA:6,4
DA:7,4
DA:8,4
DA:9,1
DA:10,1
DA:11,1
DA:12,1
DA:13,4
DA:14,4
DA:15,4
DA:16,4
DA:17,2
DA:18,2
DA:19,4
DA:20,4
DA:21,2
DA:22,2
DA:23,4
DA:24,0
DA:25,4
DA:26,4
DA:27,4
DA:28,1
DA:29,1
LF:29
LH:28
BRDA:5,0,0,4
BRDA:10,1,0,4
BRDA:12,2,0,4
BRDA:16,3,0,2
BRDA:19,4,0,0
BRDA:20,5,0,2
BRDA:23,6,0,0
BRDA:26,7,0,0
BRDA:29,8,0,4
BRF:9
BRH:6
end_of_record
